{"D:\\Desktop\\Coding\\TypeScript\\npm\\next-commands\\src\\event\\EventEmitter.ts": {"path":"D:\\Desktop\\Coding\\TypeScript\\npm\\next-commands\\src\\event\\EventEmitter.ts","all":false,"statementMap":{"0":{"start":{"line":1,"column":0},"end":{"line":1,"column":59}},"1":{"start":{"line":2,"column":0},"end":{"line":2,"column":45}},"2":{"start":{"line":3,"column":0},"end":{"line":3,"column":0}},"3":{"start":{"line":4,"column":0},"end":{"line":4,"column":20}},"4":{"start":{"line":5,"column":0},"end":{"line":5,"column":68}},"5":{"start":{"line":6,"column":0},"end":{"line":6,"column":74}},"6":{"start":{"line":7,"column":0},"end":{"line":7,"column":0}},"7":{"start":{"line":8,"column":0},"end":{"line":8,"column":111}},"8":{"start":{"line":9,"column":0},"end":{"line":9,"column":37}},"9":{"start":{"line":10,"column":0},"end":{"line":10,"column":0}},"10":{"start":{"line":11,"column":0},"end":{"line":11,"column":24}},"11":{"start":{"line":12,"column":0},"end":{"line":12,"column":61}},"12":{"start":{"line":13,"column":0},"end":{"line":13,"column":64}},"13":{"start":{"line":14,"column":0},"end":{"line":14,"column":3}},"14":{"start":{"line":15,"column":0},"end":{"line":15,"column":0}},"15":{"start":{"line":16,"column":0},"end":{"line":16,"column":78}},"16":{"start":{"line":17,"column":0},"end":{"line":17,"column":89}},"17":{"start":{"line":18,"column":0},"end":{"line":18,"column":4}},"18":{"start":{"line":19,"column":0},"end":{"line":19,"column":66}},"19":{"start":{"line":20,"column":0},"end":{"line":20,"column":0}},"20":{"start":{"line":21,"column":0},"end":{"line":21,"column":77}},"21":{"start":{"line":22,"column":0},"end":{"line":22,"column":0}},"22":{"start":{"line":23,"column":0},"end":{"line":23,"column":16}},"23":{"start":{"line":24,"column":0},"end":{"line":24,"column":3}},"24":{"start":{"line":25,"column":0},"end":{"line":25,"column":0}},"25":{"start":{"line":26,"column":0},"end":{"line":26,"column":80}},"26":{"start":{"line":27,"column":0},"end":{"line":27,"column":43}},"27":{"start":{"line":28,"column":0},"end":{"line":28,"column":3}},"28":{"start":{"line":29,"column":0},"end":{"line":29,"column":0}},"29":{"start":{"line":30,"column":0},"end":{"line":30,"column":87}},"30":{"start":{"line":31,"column":0},"end":{"line":31,"column":49}},"31":{"start":{"line":32,"column":0},"end":{"line":32,"column":3}},"32":{"start":{"line":33,"column":0},"end":{"line":33,"column":0}},"33":{"start":{"line":34,"column":0},"end":{"line":34,"column":107}},"34":{"start":{"line":35,"column":0},"end":{"line":35,"column":71}},"35":{"start":{"line":36,"column":0},"end":{"line":36,"column":40}},"36":{"start":{"line":37,"column":0},"end":{"line":37,"column":24}},"37":{"start":{"line":38,"column":0},"end":{"line":38,"column":6}},"38":{"start":{"line":39,"column":0},"end":{"line":39,"column":0}},"39":{"start":{"line":40,"column":0},"end":{"line":40,"column":47}},"40":{"start":{"line":41,"column":0},"end":{"line":41,"column":0}},"41":{"start":{"line":42,"column":0},"end":{"line":42,"column":16}},"42":{"start":{"line":43,"column":0},"end":{"line":43,"column":3}},"43":{"start":{"line":44,"column":0},"end":{"line":44,"column":0}},"44":{"start":{"line":45,"column":0},"end":{"line":45,"column":87}},"45":{"start":{"line":46,"column":0},"end":{"line":46,"column":41}},"46":{"start":{"line":47,"column":0},"end":{"line":47,"column":3}},"47":{"start":{"line":48,"column":0},"end":{"line":48,"column":0}},"48":{"start":{"line":49,"column":0},"end":{"line":49,"column":91}},"49":{"start":{"line":50,"column":0},"end":{"line":50,"column":47}},"50":{"start":{"line":51,"column":0},"end":{"line":51,"column":3}},"51":{"start":{"line":52,"column":0},"end":{"line":52,"column":0}},"52":{"start":{"line":53,"column":0},"end":{"line":53,"column":78}},"53":{"start":{"line":54,"column":0},"end":{"line":54,"column":41}},"54":{"start":{"line":55,"column":0},"end":{"line":55,"column":3}},"55":{"start":{"line":56,"column":0},"end":{"line":56,"column":2}},"56":{"start":{"line":57,"column":0},"end":{"line":57,"column":106}},"57":{"start":{"line":58,"column":0},"end":{"line":58,"column":89}},"58":{"start":{"line":59,"column":0},"end":{"line":59,"column":0}},"59":{"start":{"line":60,"column":0},"end":{"line":60,"column":68}},"60":{"start":{"line":61,"column":0},"end":{"line":61,"column":0}},"61":{"start":{"line":62,"column":0},"end":{"line":62,"column":70}},"62":{"start":{"line":63,"column":0},"end":{"line":63,"column":80}},"63":{"start":{"line":64,"column":0},"end":{"line":64,"column":76}},"64":{"start":{"line":65,"column":0},"end":{"line":65,"column":0}},"65":{"start":{"line":66,"column":0},"end":{"line":66,"column":16}},"66":{"start":{"line":67,"column":0},"end":{"line":67,"column":3}},"67":{"start":{"line":68,"column":0},"end":{"line":68,"column":0}},"68":{"start":{"line":69,"column":0},"end":{"line":69,"column":63}},"69":{"start":{"line":70,"column":0},"end":{"line":70,"column":51}},"70":{"start":{"line":71,"column":0},"end":{"line":71,"column":43}},"71":{"start":{"line":72,"column":0},"end":{"line":72,"column":0}},"72":{"start":{"line":73,"column":0},"end":{"line":73,"column":16}},"73":{"start":{"line":74,"column":0},"end":{"line":74,"column":3}},"74":{"start":{"line":75,"column":0},"end":{"line":75,"column":0}},"75":{"start":{"line":76,"column":0},"end":{"line":76,"column":90}},"76":{"start":{"line":77,"column":0},"end":{"line":77,"column":41}},"77":{"start":{"line":78,"column":0},"end":{"line":78,"column":3}},"78":{"start":{"line":79,"column":0},"end":{"line":79,"column":0}},"79":{"start":{"line":80,"column":0},"end":{"line":80,"column":79}},"80":{"start":{"line":81,"column":0},"end":{"line":81,"column":89}},"81":{"start":{"line":82,"column":0},"end":{"line":82,"column":0}},"82":{"start":{"line":83,"column":0},"end":{"line":83,"column":102}},"83":{"start":{"line":84,"column":0},"end":{"line":84,"column":0}},"84":{"start":{"line":85,"column":0},"end":{"line":85,"column":71}},"85":{"start":{"line":86,"column":0},"end":{"line":86,"column":4}},"86":{"start":{"line":87,"column":0},"end":{"line":87,"column":16}},"87":{"start":{"line":88,"column":0},"end":{"line":88,"column":3}},"88":{"start":{"line":89,"column":0},"end":{"line":89,"column":0}},"89":{"start":{"line":90,"column":0},"end":{"line":90,"column":36}},"90":{"start":{"line":91,"column":0},"end":{"line":91,"column":30}},"91":{"start":{"line":92,"column":0},"end":{"line":92,"column":3}},"92":{"start":{"line":93,"column":0},"end":{"line":93,"column":0}},"93":{"start":{"line":94,"column":0},"end":{"line":94,"column":51}},"94":{"start":{"line":95,"column":0},"end":{"line":95,"column":27}},"95":{"start":{"line":96,"column":0},"end":{"line":96,"column":4}},"96":{"start":{"line":97,"column":0},"end":{"line":97,"column":16}},"97":{"start":{"line":98,"column":0},"end":{"line":98,"column":3}},"98":{"start":{"line":99,"column":0},"end":{"line":99,"column":0}},"99":{"start":{"line":100,"column":0},"end":{"line":100,"column":51}},"100":{"start":{"line":101,"column":0},"end":{"line":101,"column":89}},"101":{"start":{"line":102,"column":0},"end":{"line":102,"column":0}},"102":{"start":{"line":103,"column":0},"end":{"line":103,"column":36}},"103":{"start":{"line":104,"column":0},"end":{"line":104,"column":4}},"104":{"start":{"line":105,"column":0},"end":{"line":105,"column":28}},"105":{"start":{"line":106,"column":0},"end":{"line":106,"column":3}},"106":{"start":{"line":107,"column":0},"end":{"line":107,"column":0}},"107":{"start":{"line":108,"column":0},"end":{"line":108,"column":33}},"108":{"start":{"line":109,"column":0},"end":{"line":109,"column":46}},"109":{"start":{"line":110,"column":0},"end":{"line":110,"column":3}},"110":{"start":{"line":111,"column":0},"end":{"line":111,"column":0}},"111":{"start":{"line":112,"column":0},"end":{"line":112,"column":63}},"112":{"start":{"line":113,"column":0},"end":{"line":113,"column":0}},"113":{"start":{"line":114,"column":0},"end":{"line":114,"column":52}},"114":{"start":{"line":115,"column":0},"end":{"line":115,"column":3}},"115":{"start":{"line":116,"column":0},"end":{"line":116,"column":0}},"116":{"start":{"line":117,"column":0},"end":{"line":117,"column":66}},"117":{"start":{"line":118,"column":0},"end":{"line":118,"column":48}},"118":{"start":{"line":119,"column":0},"end":{"line":119,"column":3}},"119":{"start":{"line":120,"column":0},"end":{"line":120,"column":0}},"120":{"start":{"line":121,"column":0},"end":{"line":121,"column":34}},"121":{"start":{"line":122,"column":0},"end":{"line":122,"column":113}},"122":{"start":{"line":123,"column":0},"end":{"line":123,"column":3}},"123":{"start":{"line":124,"column":0},"end":{"line":124,"column":1}},"124":{"start":{"line":125,"column":0},"end":{"line":125,"column":0}},"125":{"start":{"line":126,"column":0},"end":{"line":126,"column":28}}},"s":{"0":1,"1":1,"2":1,"3":1,"4":1,"5":1,"6":1,"7":1,"8":1,"9":1,"10":1,"11":1,"12":1,"13":1,"14":1,"15":1,"16":12,"17":12,"18":12,"19":11,"20":11,"21":11,"22":11,"23":11,"24":1,"25":1,"26":0,"27":0,"28":1,"29":1,"30":0,"31":0,"32":1,"33":1,"34":0,"35":0,"36":0,"37":0,"38":0,"39":0,"40":0,"41":0,"42":0,"43":1,"44":1,"45":7,"46":7,"47":1,"48":1,"49":0,"50":0,"51":1,"52":1,"53":0,"54":0,"55":1,"56":1,"57":7,"58":7,"59":7,"60":7,"61":7,"62":6,"63":6,"64":7,"65":7,"66":7,"67":1,"68":1,"69":0,"70":0,"71":0,"72":0,"73":0,"74":1,"75":1,"76":5,"77":5,"78":1,"79":1,"80":5,"81":5,"82":5,"83":5,"84":5,"85":5,"86":5,"87":5,"88":1,"89":1,"90":0,"91":0,"92":1,"93":1,"94":0,"95":0,"96":0,"97":0,"98":1,"99":1,"100":2,"101":2,"102":2,"103":2,"104":2,"105":2,"106":1,"107":1,"108":0,"109":0,"110":1,"111":1,"112":0,"113":0,"114":0,"115":1,"116":1,"117":0,"118":0,"119":1,"120":1,"121":0,"122":0,"123":1,"124":1,"125":1},"branchMap":{"0":{"type":"branch","line":6,"loc":{"start":{"line":6,"column":9},"end":{"line":6,"column":73}},"locations":[{"start":{"line":6,"column":9},"end":{"line":6,"column":73}}]},"1":{"type":"branch","line":11,"loc":{"start":{"line":11,"column":2},"end":{"line":14,"column":3}},"locations":[{"start":{"line":11,"column":2},"end":{"line":14,"column":3}}]},"2":{"type":"branch","line":16,"loc":{"start":{"line":16,"column":9},"end":{"line":24,"column":3}},"locations":[{"start":{"line":16,"column":9},"end":{"line":24,"column":3}}]},"3":{"type":"branch","line":19,"loc":{"start":{"line":19,"column":53},"end":{"line":19,"column":66}},"locations":[{"start":{"line":19,"column":53},"end":{"line":19,"column":66}}]},"4":{"type":"branch","line":20,"loc":{"start":{"line":20,"column":-1},"end":{"line":24,"column":3}},"locations":[{"start":{"line":20,"column":-1},"end":{"line":24,"column":3}}]},"5":{"type":"branch","line":21,"loc":{"start":{"line":21,"column":22},"end":{"line":21,"column":75}},"locations":[{"start":{"line":21,"column":22},"end":{"line":21,"column":75}}]},"6":{"type":"branch","line":45,"loc":{"start":{"line":45,"column":9},"end":{"line":47,"column":3}},"locations":[{"start":{"line":45,"column":9},"end":{"line":47,"column":3}}]},"7":{"type":"branch","line":57,"loc":{"start":{"line":57,"column":10},"end":{"line":67,"column":3}},"locations":[{"start":{"line":57,"column":10},"end":{"line":67,"column":3}}]},"8":{"type":"branch","line":62,"loc":{"start":{"line":62,"column":27},"end":{"line":62,"column":70}},"locations":[{"start":{"line":62,"column":27},"end":{"line":62,"column":70}}]},"9":{"type":"branch","line":63,"loc":{"start":{"line":63,"column":-1},"end":{"line":64,"column":76}},"locations":[{"start":{"line":63,"column":-1},"end":{"line":64,"column":76}}]},"10":{"type":"branch","line":63,"loc":{"start":{"line":63,"column":52},"end":{"line":63,"column":80}},"locations":[{"start":{"line":63,"column":52},"end":{"line":63,"column":80}}]},"11":{"type":"branch","line":64,"loc":{"start":{"line":64,"column":18},"end":{"line":64,"column":47}},"locations":[{"start":{"line":64,"column":18},"end":{"line":64,"column":47}}]},"12":{"type":"branch","line":76,"loc":{"start":{"line":76,"column":9},"end":{"line":78,"column":3}},"locations":[{"start":{"line":76,"column":9},"end":{"line":78,"column":3}}]},"13":{"type":"branch","line":80,"loc":{"start":{"line":80,"column":9},"end":{"line":88,"column":3}},"locations":[{"start":{"line":80,"column":9},"end":{"line":88,"column":3}}]},"14":{"type":"branch","line":100,"loc":{"start":{"line":100,"column":9},"end":{"line":106,"column":3}},"locations":[{"start":{"line":100,"column":9},"end":{"line":106,"column":3}}]},"15":{"type":"branch","line":103,"loc":{"start":{"line":103,"column":27},"end":{"line":103,"column":36}},"locations":[{"start":{"line":103,"column":27},"end":{"line":103,"column":36}}]}},"b":{"0":[1],"1":[1],"2":[12],"3":[1],"4":[11],"5":[11],"6":[7],"7":[7],"8":[1],"9":[6],"10":[0],"11":[0],"12":[5],"13":[5],"14":[2],"15":[0]},"fnMap":{"0":{"name":"<static_initializer>","decl":{"start":{"line":6,"column":9},"end":{"line":6,"column":73}},"loc":{"start":{"line":6,"column":9},"end":{"line":6,"column":73}},"line":6},"1":{"name":"EventEmitter","decl":{"start":{"line":11,"column":2},"end":{"line":14,"column":3}},"loc":{"start":{"line":11,"column":2},"end":{"line":14,"column":3}},"line":11},"2":{"name":"emit","decl":{"start":{"line":16,"column":9},"end":{"line":24,"column":3}},"loc":{"start":{"line":16,"column":9},"end":{"line":24,"column":3}},"line":16},"3":{"name":"once","decl":{"start":{"line":26,"column":9},"end":{"line":28,"column":3}},"loc":{"start":{"line":26,"column":9},"end":{"line":28,"column":3}},"line":26},"4":{"name":"prependOnce","decl":{"start":{"line":30,"column":9},"end":{"line":32,"column":3}},"loc":{"start":{"line":30,"column":9},"end":{"line":32,"column":3}},"line":30},"5":{"name":"_once","decl":{"start":{"line":34,"column":9},"end":{"line":43,"column":3}},"loc":{"start":{"line":34,"column":9},"end":{"line":43,"column":3}},"line":34},"6":{"name":"addListener","decl":{"start":{"line":45,"column":9},"end":{"line":47,"column":3}},"loc":{"start":{"line":45,"column":9},"end":{"line":47,"column":3}},"line":45},"7":{"name":"prependListener","decl":{"start":{"line":49,"column":9},"end":{"line":51,"column":3}},"loc":{"start":{"line":49,"column":9},"end":{"line":51,"column":3}},"line":49},"8":{"name":"on","decl":{"start":{"line":53,"column":9},"end":{"line":55,"column":3}},"loc":{"start":{"line":53,"column":9},"end":{"line":55,"column":3}},"line":53},"9":{"name":"_on","decl":{"start":{"line":57,"column":10},"end":{"line":67,"column":3}},"loc":{"start":{"line":57,"column":10},"end":{"line":67,"column":3}},"line":57},"10":{"name":"removeAllListeners","decl":{"start":{"line":69,"column":9},"end":{"line":74,"column":3}},"loc":{"start":{"line":69,"column":9},"end":{"line":74,"column":3}},"line":69},"11":{"name":"removeListener","decl":{"start":{"line":76,"column":9},"end":{"line":78,"column":3}},"loc":{"start":{"line":76,"column":9},"end":{"line":78,"column":3}},"line":76},"12":{"name":"off","decl":{"start":{"line":80,"column":9},"end":{"line":88,"column":3}},"loc":{"start":{"line":80,"column":9},"end":{"line":88,"column":3}},"line":80},"13":{"name":"getMaxListeners","decl":{"start":{"line":90,"column":9},"end":{"line":92,"column":3}},"loc":{"start":{"line":90,"column":9},"end":{"line":92,"column":3}},"line":90},"14":{"name":"setMaxListeners","decl":{"start":{"line":94,"column":9},"end":{"line":98,"column":3}},"loc":{"start":{"line":94,"column":9},"end":{"line":98,"column":3}},"line":94},"15":{"name":"listenerCount","decl":{"start":{"line":100,"column":9},"end":{"line":106,"column":3}},"loc":{"start":{"line":100,"column":9},"end":{"line":106,"column":3}},"line":100},"16":{"name":"eventNames","decl":{"start":{"line":108,"column":9},"end":{"line":110,"column":3}},"loc":{"start":{"line":108,"column":9},"end":{"line":110,"column":3}},"line":108},"17":{"name":"listeners","decl":{"start":{"line":112,"column":9},"end":{"line":115,"column":3}},"loc":{"start":{"line":112,"column":9},"end":{"line":115,"column":3}},"line":112},"18":{"name":"rawListeners","decl":{"start":{"line":117,"column":9},"end":{"line":119,"column":3}},"loc":{"start":{"line":117,"column":9},"end":{"line":119,"column":3}},"line":117},"19":{"name":"_throwLimitException","decl":{"start":{"line":121,"column":10},"end":{"line":123,"column":3}},"loc":{"start":{"line":121,"column":10},"end":{"line":123,"column":3}},"line":121}},"f":{"0":1,"1":1,"2":12,"3":0,"4":0,"5":0,"6":7,"7":0,"8":0,"9":7,"10":0,"11":5,"12":5,"13":0,"14":0,"15":2,"16":0,"17":0,"18":0,"19":0}}
}
