TN:
SF:src\event\EventEmitter.ts
FN:6,<static_initializer>
FN:11,EventEmitter
FN:16,emit
FN:26,once
FN:30,prependOnce
FN:34,_once
FN:45,addListener
FN:49,prependListener
FN:53,on
FN:57,_on
FN:69,removeAllListeners
FN:76,removeListener
FN:80,off
FN:90,getMaxListeners
FN:94,setMaxListeners
FN:100,listenerCount
FN:108,eventNames
FN:112,listeners
FN:117,rawListeners
FN:121,_throwLimitException
FNF:20
FNH:8
FNDA:1,<static_initializer>
FNDA:1,EventEmitter
FNDA:12,emit
FNDA:0,once
FNDA:0,prependOnce
FNDA:0,_once
FNDA:7,addListener
FNDA:0,prependListener
FNDA:0,on
FNDA:7,_on
FNDA:0,removeAllListeners
FNDA:5,removeListener
FNDA:5,off
FNDA:0,getMaxListeners
FNDA:0,setMaxListeners
FNDA:2,listenerCount
FNDA:0,eventNames
FNDA:0,listeners
FNDA:0,rawListeners
FNDA:0,_throwLimitException
DA:1,1
DA:2,1
DA:3,1
DA:4,1
DA:5,1
DA:6,1
DA:7,1
DA:8,1
DA:9,1
DA:10,1
DA:11,1
DA:12,1
DA:13,1
DA:14,1
DA:15,1
DA:16,1
DA:17,12
DA:18,12
DA:19,12
DA:20,11
DA:21,11
DA:22,11
DA:23,11
DA:24,11
DA:25,1
DA:26,1
DA:27,0
DA:28,0
DA:29,1
DA:30,1
DA:31,0
DA:32,0
DA:33,1
DA:34,1
DA:35,0
DA:36,0
DA:37,0
DA:38,0
DA:39,0
DA:40,0
DA:41,0
DA:42,0
DA:43,0
DA:44,1
DA:45,1
DA:46,7
DA:47,7
DA:48,1
DA:49,1
DA:50,0
DA:51,0
DA:52,1
DA:53,1
DA:54,0
DA:55,0
DA:56,1
DA:57,1
DA:58,7
DA:59,7
DA:60,7
DA:61,7
DA:62,7
DA:63,6
DA:64,6
DA:65,7
DA:66,7
DA:67,7
DA:68,1
DA:69,1
DA:70,0
DA:71,0
DA:72,0
DA:73,0
DA:74,0
DA:75,1
DA:76,1
DA:77,5
DA:78,5
DA:79,1
DA:80,1
DA:81,5
DA:82,5
DA:83,5
DA:84,5
DA:85,5
DA:86,5
DA:87,5
DA:88,5
DA:89,1
DA:90,1
DA:91,0
DA:92,0
DA:93,1
DA:94,1
DA:95,0
DA:96,0
DA:97,0
DA:98,0
DA:99,1
DA:100,1
DA:101,2
DA:102,2
DA:103,2
DA:104,2
DA:105,2
DA:106,2
DA:107,1
DA:108,1
DA:109,0
DA:110,0
DA:111,1
DA:112,1
DA:113,0
DA:114,0
DA:115,0
DA:116,1
DA:117,1
DA:118,0
DA:119,0
DA:120,1
DA:121,1
DA:122,0
DA:123,0
DA:124,1
DA:125,1
DA:126,1
LF:126
LH:89
BRDA:6,0,0,1
BRDA:11,1,0,1
BRDA:16,2,0,12
BRDA:19,3,0,1
BRDA:20,4,0,11
BRDA:21,5,0,11
BRDA:45,6,0,7
BRDA:57,7,0,7
BRDA:62,8,0,1
BRDA:63,9,0,6
BRDA:63,10,0,0
BRDA:64,11,0,0
BRDA:76,12,0,5
BRDA:80,13,0,5
BRDA:100,14,0,2
BRDA:103,15,0,0
BRF:16
BRH:13
end_of_record
